+-----------------------------------------------------------------------------
+ Started burn-in of /dev/da8 on boomer : Tue Mar 14 02:24:16 CDT 2017
+-----------------------------------------------------------------------------
Drive Model: HGST_HUS724020ALE640
Serial Number: PKXXXXXXXXXXXX
Short test duration: 1 minutes
Short test sleep duration: 90 seconds (includes extra delay of 30 seconds)
Extended test duration: 332 minutes
Extended test sleep duration: 20220 seconds (includes extra delay of 300 seconds)
Log file: ./burnin-HGST_HUS724020ALE640_PKXXXXXXXXXXXX.log
Bad blocks file: ./burnin-HGST_HUS724020ALE640_PKXXXXXXXXXXXX.bb
+-----------------------------------------------------------------------------
+ Run SMART short test on drive /dev/da8: Tue Mar 14 02:24:16 CDT 2017
+-----------------------------------------------------------------------------
Dry run: would start the SMART short test and sleep 90 seconds until the test finishes
Finished SMART short test on drive /dev/da8: Tue Mar 14 02:24:16 CDT 2017
+-----------------------------------------------------------------------------
+ Run SMART extended test on drive /dev/da8: Tue Mar 14 02:24:16 CDT 2017
+-----------------------------------------------------------------------------
Dry run: would start the SMART extended test and sleep 20220 seconds until the test finishes
Finished SMART extended test on drive /dev/da8: Tue Mar 14 02:24:16 CDT 2017
+-----------------------------------------------------------------------------
+ Run badblocks test on drive /dev/da8: Tue Mar 14 02:24:16 CDT 2017
+-----------------------------------------------------------------------------
Dry run: would run badblocks -b 4096 -wsv -o ./burnin-HGST_HUS724020ALE640_PKXXXXXXXXXXXX.bb /dev/da8
Finished badblocks test on drive /dev/da8: Tue Mar 14 02:24:16 CDT 2017
+-----------------------------------------------------------------------------
+ Run SMART short test on drive /dev/da8: Tue Mar 14 02:24:16 CDT 2017
+-----------------------------------------------------------------------------
Dry run: would start the SMART short test and sleep 90 seconds until the test finishes
Finished SMART short test on drive /dev/da8: Tue Mar 14 02:24:16 CDT 2017
+-----------------------------------------------------------------------------
+ Run SMART extended test on drive /dev/da8: Tue Mar 14 02:24:16 CDT 2017
+-----------------------------------------------------------------------------
Dry run: would start the SMART extended test and sleep 20220 seconds until the test finishes
Finished SMART extended test on drive /dev/da8: Tue Mar 14 02:24:16 CDT 2017
+-----------------------------------------------------------------------------
+ Finished burn-in of /dev/da8 on boomer : Tue Mar 14 02:24:16 CDT 2017
+-----------------------------------------------------------------------------
